  Stdafx.cpp
  Coin.cpp
C:\Users\noster\Desktop\sonic\sonic\WinApi\Coin.h(24,33): warning C4244: '=': 'int'에서 'float'(으)로 변환하면서 데이터가 손실될 수 있습니다.
C:\Users\noster\Desktop\sonic\sonic\WinApi\Coin.h(24,41): warning C4244: '=': 'int'에서 'float'(으)로 변환하면서 데이터가 손실될 수 있습니다.
C:\Users\noster\Desktop\sonic\sonic\WinApi\Coin.cpp(56,14): warning C4305: '*=': 'double'에서 'float'(으)로 잘립니다.
C:\Users\noster\Desktop\sonic\sonic\WinApi\Coin.cpp(60,7): warning C4244: '+=': 'float'에서 'int'(으)로 변환하면서 데이터가 손실될 수 있습니다.
C:\Users\noster\Desktop\sonic\sonic\WinApi\Coin.cpp(61,7): warning C4244: '-=': 'float'에서 'int'(으)로 변환하면서 데이터가 손실될 수 있습니다.
  FontManager.cpp
  GImage.cpp
C:\Users\noster\Desktop\sonic\sonic\WinApi\GImage.cpp(94,28): warning C4267: '초기화 중': 'size_t'에서 'int'(으)로 변환하면서 데이터가 손실될 수 있습니다.
C:\Users\noster\Desktop\sonic\sonic\WinApi\GImage.cpp(132,28): warning C4267: '초기화 중': 'size_t'에서 'int'(으)로 변환하면서 데이터가 손실될 수 있습니다.
C:\Users\noster\Desktop\sonic\sonic\WinApi\GImage.cpp(173,28): warning C4267: '초기화 중': 'size_t'에서 'int'(으)로 변환하면서 데이터가 손실될 수 있습니다.
C:\Users\noster\Desktop\sonic\sonic\WinApi\GImage.cpp(216,28): warning C4267: '초기화 중': 'size_t'에서 'int'(으)로 변환하면서 데이터가 손실될 수 있습니다.
C:\Users\noster\Desktop\sonic\sonic\WinApi\GImage.cpp(269,28): warning C4267: '초기화 중': 'size_t'에서 'int'(으)로 변환하면서 데이터가 손실될 수 있습니다.
C:\Users\noster\Desktop\sonic\sonic\WinApi\GImage.cpp(329,28): warning C4267: '초기화 중': 'size_t'에서 'int'(으)로 변환하면서 데이터가 손실될 수 있습니다.
C:\Users\noster\Desktop\sonic\sonic\WinApi\GImage.cpp(962,101): warning C4244: '인수': 'float'에서 'int'(으)로 변환하면서 데이터가 손실될 수 있습니다.
C:\Users\noster\Desktop\sonic\sonic\WinApi\GImage.cpp(962,77): warning C4244: '인수': 'float'에서 'int'(으)로 변환하면서 데이터가 손실될 수 있습니다.
C:\Users\noster\Desktop\sonic\sonic\WinApi\GImage.cpp(962,53): warning C4244: '인수': 'float'에서 'int'(으)로 변환하면서 데이터가 손실될 수 있습니다.
C:\Users\noster\Desktop\sonic\sonic\WinApi\GImage.cpp(962,29): warning C4244: '인수': 'float'에서 'int'(으)로 변환하면서 데이터가 손실될 수 있습니다.
C:\Users\noster\Desktop\sonic\sonic\WinApi\GImage.cpp(968,40): warning C4267: '인수': 'size_t'에서 'int'(으)로 변환하면서 데이터가 손실될 수 있습니다.
C:\Users\noster\Desktop\sonic\sonic\WinApi\GImage.cpp(971,41): warning C4267: '인수': 'size_t'에서 'int'(으)로 변환하면서 데이터가 손실될 수 있습니다.
C:\Users\noster\Desktop\sonic\sonic\WinApi\GImage.cpp(974,41): warning C4267: '인수': 'size_t'에서 'int'(으)로 변환하면서 데이터가 손실될 수 있습니다.
  GameNode.cpp
  ImageManager.cpp
  KeyManager.cpp
  MainGame.cpp
C:\Users\noster\Desktop\sonic\sonic\WinApi\Coin.h(24,33): warning C4244: '=': 'int'에서 'float'(으)로 변환하면서 데이터가 손실될 수 있습니다.
C:\Users\noster\Desktop\sonic\sonic\WinApi\Coin.h(24,41): warning C4244: '=': 'int'에서 'float'(으)로 변환하면서 데이터가 손실될 수 있습니다.
  Motobug.cpp
C:\Users\noster\Desktop\sonic\sonic\WinApi\Coin.h(24,33): warning C4244: '=': 'int'에서 'float'(으)로 변환하면서 데이터가 손실될 수 있습니다.
C:\Users\noster\Desktop\sonic\sonic\WinApi\Coin.h(24,41): warning C4244: '=': 'int'에서 'float'(으)로 변환하면서 데이터가 손실될 수 있습니다.
C:\Users\noster\Desktop\sonic\sonic\WinApi\Motobug.cpp(24,45): warning C4244: '인수': 'float'에서 'int'(으)로 변환하면서 데이터가 손실될 수 있습니다.
C:\Users\noster\Desktop\sonic\sonic\WinApi\Motobug.cpp(24,34): warning C4244: '인수': 'float'에서 'int'(으)로 변환하면서 데이터가 손실될 수 있습니다.
C:\Users\noster\Desktop\sonic\sonic\WinApi\Motobug.cpp(32,77): warning C4244: '인수': 'float'에서 'int'(으)로 변환하면서 데이터가 손실될 수 있습니다.
C:\Users\noster\Desktop\sonic\sonic\WinApi\Motobug.cpp(32,61): warning C4244: '인수': 'float'에서 'int'(으)로 변환하면서 데이터가 손실될 수 있습니다.
  PixelCollision.cpp
C:\Users\noster\Desktop\sonic\sonic\WinApi\PixelCollision.cpp(12,27): warning C4244: '인수': 'float'에서 'int'(으)로 변환하면서 데이터가 손실될 수 있습니다.
C:\Users\noster\Desktop\sonic\sonic\WinApi\PixelCollision.cpp(12,23): warning C4244: '인수': 'float'에서 'int'(으)로 변환하면서 데이터가 손실될 수 있습니다.
C:\Users\noster\Desktop\sonic\sonic\WinApi\PixelCollision.cpp(15,15): warning C4244: '=': 'float'에서 'int'(으)로 변환하면서 데이터가 손실될 수 있습니다.
C:\Users\noster\Desktop\sonic\sonic\WinApi\PixelCollision.cpp(30,15): warning C4244: '=': 'float'에서 'int'(으)로 변환하면서 데이터가 손실될 수 있습니다.
C:\Users\noster\Desktop\sonic\sonic\WinApi\PixelCollision.cpp(36,82): warning C4244: '인수': 'float'에서 'int'(으)로 변환하면서 데이터가 손실될 수 있습니다.
C:\Users\noster\Desktop\sonic\sonic\WinApi\PixelCollision.cpp(45,11): warning C4244: '=': 'int'에서 'float'(으)로 변환하면서 데이터가 손실될 수 있습니다.
C:\Users\noster\Desktop\sonic\sonic\WinApi\PixelCollision.cpp(50,27): warning C4244: '인수': 'float'에서 'int'(으)로 변환하면서 데이터가 손실될 수 있습니다.
C:\Users\noster\Desktop\sonic\sonic\WinApi\PixelCollision.cpp(50,23): warning C4244: '인수': 'float'에서 'int'(으)로 변환하면서 데이터가 손실될 수 있습니다.
C:\Users\noster\Desktop\sonic\sonic\WinApi\PixelCollision.cpp(59,41): warning C4244: '인수': 'float'에서 'int'(으)로 변환하면서 데이터가 손실될 수 있습니다.
C:\Users\noster\Desktop\sonic\sonic\WinApi\PixelCollision.cpp(59,25): warning C4244: '인수': 'float'에서 'int'(으)로 변환하면서 데이터가 손실될 수 있습니다.
  Sonic.cpp
C:\Users\noster\Desktop\sonic\sonic\WinApi\Coin.h(24,33): warning C4244: '=': 'int'에서 'float'(으)로 변환하면서 데이터가 손실될 수 있습니다.
C:\Users\noster\Desktop\sonic\sonic\WinApi\Coin.h(24,41): warning C4244: '=': 'int'에서 'float'(으)로 변환하면서 데이터가 손실될 수 있습니다.
C:\Users\noster\Desktop\sonic\sonic\WinApi\Sonic.cpp(107,109): warning C4244: '인수': 'float'에서 'int'(으)로 변환하면서 데이터가 손실될 수 있습니다.
C:\Users\noster\Desktop\sonic\sonic\WinApi\Sonic.cpp(107,87): warning C4244: '인수': 'float'에서 'int'(으)로 변환하면서 데이터가 손실될 수 있습니다.
C:\Users\noster\Desktop\sonic\sonic\WinApi\Sonic.cpp(108,64): warning C4244: '인수': 'float'에서 'int'(으)로 변환하면서 데이터가 손실될 수 있습니다.
C:\Users\noster\Desktop\sonic\sonic\WinApi\Sonic.cpp(108,49): warning C4244: '인수': 'float'에서 'int'(으)로 변환하면서 데이터가 손실될 수 있습니다.
C:\Users\noster\Desktop\sonic\sonic\WinApi\Sonic.cpp(147,30): warning C4244: '=': 'float'에서 'int'(으)로 변환하면서 데이터가 손실될 수 있습니다.
C:\Users\noster\Desktop\sonic\sonic\WinApi\Sonic.cpp(148,31): warning C4244: '=': 'float'에서 'int'(으)로 변환하면서 데이터가 손실될 수 있습니다.
C:\Users\noster\Desktop\sonic\sonic\WinApi\Sonic.cpp(149,30): warning C4244: '=': 'float'에서 'int'(으)로 변환하면서 데이터가 손실될 수 있습니다.
C:\Users\noster\Desktop\sonic\sonic\WinApi\Sonic.cpp(150,32): warning C4244: '=': 'float'에서 'int'(으)로 변환하면서 데이터가 손실될 수 있습니다.
C:\Users\noster\Desktop\sonic\sonic\WinApi\Sonic.cpp(152,26): warning C4244: '=': 'float'에서 'int'(으)로 변환하면서 데이터가 손실될 수 있습니다.
C:\Users\noster\Desktop\sonic\sonic\WinApi\Sonic.cpp(153,26): warning C4244: '=': 'float'에서 'int'(으)로 변환하면서 데이터가 손실될 수 있습니다.
C:\Users\noster\Desktop\sonic\sonic\WinApi\Sonic.cpp(154,27): warning C4244: '=': 'float'에서 'int'(으)로 변환하면서 데이터가 손실될 수 있습니다.
C:\Users\noster\Desktop\sonic\sonic\WinApi\Sonic.cpp(238,60): warning C4244: '인수': 'float'에서 'int'(으)로 변환하면서 데이터가 손실될 수 있습니다.
C:\Users\noster\Desktop\sonic\sonic\WinApi\Sonic.cpp(238,45): warning C4244: '인수': 'float'에서 'int'(으)로 변환하면서 데이터가 손실될 수 있습니다.
C:\Users\noster\Desktop\sonic\sonic\WinApi\Sonic.cpp(239,104): warning C4244: '인수': 'float'에서 'int'(으)로 변환하면서 데이터가 손실될 수 있습니다.
C:\Users\noster\Desktop\sonic\sonic\WinApi\Sonic.cpp(239,82): warning C4244: '인수': 'float'에서 'int'(으)로 변환하면서 데이터가 손실될 수 있습니다.
C:\Users\noster\Desktop\sonic\sonic\WinApi\Sonic.cpp(265,68): warning C4244: '인수': 'float'에서 'int'(으)로 변환하면서 데이터가 손실될 수 있습니다.
C:\Users\noster\Desktop\sonic\sonic\WinApi\Sonic.cpp(265,38): warning C4244: '인수': 'float'에서 'int'(으)로 변환하면서 데이터가 손실될 수 있습니다.
C:\Users\noster\Desktop\sonic\sonic\WinApi\Sonic.cpp(266,125): warning C4244: '인수': 'float'에서 'int'(으)로 변환하면서 데이터가 손실될 수 있습니다.
C:\Users\noster\Desktop\sonic\sonic\WinApi\Sonic.cpp(266,103): warning C4244: '인수': 'float'에서 'int'(으)로 변환하면서 데이터가 손실될 수 있습니다.
C:\Users\noster\Desktop\sonic\sonic\WinApi\Sonic.cpp(266,63): warning C4244: '인수': 'float'에서 'int'(으)로 변환하면서 데이터가 손실될 수 있습니다.
C:\Users\noster\Desktop\sonic\sonic\WinApi\Sonic.cpp(266,41): warning C4244: '인수': 'float'에서 'int'(으)로 변환하면서 데이터가 손실될 수 있습니다.
C:\Users\noster\Desktop\sonic\sonic\WinApi\Sonic.cpp(267,106): warning C4244: '인수': 'float'에서 'int'(으)로 변환하면서 데이터가 손실될 수 있습니다.
C:\Users\noster\Desktop\sonic\sonic\WinApi\Sonic.cpp(267,87): warning C4244: '인수': 'float'에서 'int'(으)로 변환하면서 데이터가 손실될 수 있습니다.
C:\Users\noster\Desktop\sonic\sonic\WinApi\Sonic.cpp(267,64): warning C4244: '인수': 'float'에서 'int'(으)로 변환하면서 데이터가 손실될 수 있습니다.
C:\Users\noster\Desktop\sonic\sonic\WinApi\Sonic.cpp(267,42): warning C4244: '인수': 'float'에서 'int'(으)로 변환하면서 데이터가 손실될 수 있습니다.
C:\Users\noster\Desktop\sonic\sonic\WinApi\Sonic.cpp(268,108): warning C4244: '인수': 'float'에서 'int'(으)로 변환하면서 데이터가 손실될 수 있습니다.
C:\Users\noster\Desktop\sonic\sonic\WinApi\Sonic.cpp(268,89): warning C4244: '인수': 'float'에서 'int'(으)로 변환하면서 데이터가 손실될 수 있습니다.
C:\Users\noster\Desktop\sonic\sonic\WinApi\Sonic.cpp(268,65): warning C4244: '인수': 'float'에서 'int'(으)로 변환하면서 데이터가 손실될 수 있습니다.
C:\Users\noster\Desktop\sonic\sonic\WinApi\Sonic.cpp(268,43): warning C4244: '인수': 'float'에서 'int'(으)로 변환하면서 데이터가 손실될 수 있습니다.
C:\Users\noster\Desktop\sonic\sonic\WinApi\Sonic.cpp(960,32): warning C4244: '=': 'int'에서 'float'(으)로 변환하면서 데이터가 손실될 수 있습니다.
C:\Users\noster\Desktop\sonic\sonic\WinApi\Sonic.cpp(1020,32): warning C4244: '=': 'int'에서 'float'(으)로 변환하면서 데이터가 손실될 수 있습니다.
C:\Users\noster\Desktop\sonic\sonic\WinApi\Sonic.cpp(1046,98): warning C4244: '인수': 'float'에서 'int'(으)로 변환하면서 데이터가 손실될 수 있습니다.
C:\Users\noster\Desktop\sonic\sonic\WinApi\Sonic.cpp(1047,98): warning C4244: '인수': 'float'에서 'int'(으)로 변환하면서 데이터가 손실될 수 있습니다.
C:\Users\noster\Desktop\sonic\sonic\WinApi\Sonic.cpp(1071,30): warning C4244: '=': 'float'에서 'int'(으)로 변환하면서 데이터가 손실될 수 있습니다.
C:\Users\noster\Desktop\sonic\sonic\WinApi\Sonic.cpp(1072,30): warning C4244: '=': 'float'에서 'int'(으)로 변환하면서 데이터가 손실될 수 있습니다.
C:\Users\noster\Desktop\sonic\sonic\WinApi\Sonic.cpp(1148,56): warning C4244: '=': 'double'에서 'float'(으)로 변환하면서 데이터가 손실될 수 있습니다.
C:\Users\noster\Desktop\sonic\sonic\WinApi\Sonic.cpp(1156,62): warning C4267: '인수': 'size_t'에서 'int'(으)로 변환하면서 데이터가 손실될 수 있습니다.
C:\Users\noster\Desktop\sonic\sonic\WinApi\Sonic.cpp(1158,61): warning C4267: '인수': 'size_t'에서 'int'(으)로 변환하면서 데이터가 손실될 수 있습니다.
C:\Users\noster\Desktop\sonic\sonic\WinApi\Sonic.cpp(1160,61): warning C4267: '인수': 'size_t'에서 'int'(으)로 변환하면서 데이터가 손실될 수 있습니다.
C:\Users\noster\Desktop\sonic\sonic\WinApi\Sonic.cpp(1162,61): warning C4267: '인수': 'size_t'에서 'int'(으)로 변환하면서 데이터가 손실될 수 있습니다.
C:\Users\noster\Desktop\sonic\sonic\WinApi\Sonic.cpp(1164,61): warning C4267: '인수': 'size_t'에서 'int'(으)로 변환하면서 데이터가 손실될 수 있습니다.
C:\Users\noster\Desktop\sonic\sonic\WinApi\Sonic.cpp(1166,62): warning C4267: '인수': 'size_t'에서 'int'(으)로 변환하면서 데이터가 손실될 수 있습니다.
C:\Users\noster\Desktop\sonic\sonic\WinApi\Sonic.cpp(1168,62): warning C4267: '인수': 'size_t'에서 'int'(으)로 변환하면서 데이터가 손실될 수 있습니다.
C:\Users\noster\Desktop\sonic\sonic\WinApi\Sonic.cpp(1170,62): warning C4267: '인수': 'size_t'에서 'int'(으)로 변환하면서 데이터가 손실될 수 있습니다.
C:\Users\noster\Desktop\sonic\sonic\WinApi\Sonic.cpp(1172,62): warning C4267: '인수': 'size_t'에서 'int'(으)로 변환하면서 데이터가 손실될 수 있습니다.
C:\Users\noster\Desktop\sonic\sonic\WinApi\Sonic.cpp(1174,63): warning C4267: '인수': 'size_t'에서 'int'(으)로 변환하면서 데이터가 손실될 수 있습니다.
C:\Users\noster\Desktop\sonic\sonic\WinApi\Sonic.cpp(1176,63): warning C4267: '인수': 'size_t'에서 'int'(으)로 변환하면서 데이터가 손실될 수 있습니다.
C:\Users\noster\Desktop\sonic\sonic\WinApi\Sonic.cpp(1178,63): warning C4267: '인수': 'size_t'에서 'int'(으)로 변환하면서 데이터가 손실될 수 있습니다.
C:\Users\noster\Desktop\sonic\sonic\WinApi\Sonic.cpp(1181,62): warning C4267: '인수': 'size_t'에서 'int'(으)로 변환하면서 데이터가 손실될 수 있습니다.
C:\Users\noster\Desktop\sonic\sonic\WinApi\Sonic.cpp(1183,62): warning C4267: '인수': 'size_t'에서 'int'(으)로 변환하면서 데이터가 손실될 수 있습니다.
C:\Users\noster\Desktop\sonic\sonic\WinApi\Sonic.cpp(1185,62): warning C4267: '인수': 'size_t'에서 'int'(으)로 변환하면서 데이터가 손실될 수 있습니다.
C:\Users\noster\Desktop\sonic\sonic\WinApi\Sonic.cpp(1187,62): warning C4267: '인수': 'size_t'에서 'int'(으)로 변환하면서 데이터가 손실될 수 있습니다.
C:\Users\noster\Desktop\sonic\sonic\WinApi\Sonic.cpp(1189,63): warning C4267: '인수': 'size_t'에서 'int'(으)로 변환하면서 데이터가 손실될 수 있습니다.
C:\Users\noster\Desktop\sonic\sonic\WinApi\Sonic.cpp(1191,63): warning C4267: '인수': 'size_t'에서 'int'(으)로 변환하면서 데이터가 손실될 수 있습니다.
C:\Users\noster\Desktop\sonic\sonic\WinApi\Sonic.cpp(1193,63): warning C4267: '인수': 'size_t'에서 'int'(으)로 변환하면서 데이터가 손실될 수 있습니다.
C:\Users\noster\Desktop\sonic\sonic\WinApi\Sonic.cpp(1195,63): warning C4267: '인수': 'size_t'에서 'int'(으)로 변환하면서 데이터가 손실될 수 있습니다.
C:\Users\noster\Desktop\sonic\sonic\WinApi\Sonic.cpp(1197,63): warning C4267: '인수': 'size_t'에서 'int'(으)로 변환하면서 데이터가 손실될 수 있습니다.
C:\Users\noster\Desktop\sonic\sonic\WinApi\Sonic.cpp(1201,62): warning C4267: '인수': 'size_t'에서 'int'(으)로 변환하면서 데이터가 손실될 수 있습니다.
C:\Users\noster\Desktop\sonic\sonic\WinApi\Sonic.cpp(1203,62): warning C4267: '인수': 'size_t'에서 'int'(으)로 변환하면서 데이터가 손실될 수 있습니다.
C:\Users\noster\Desktop\sonic\sonic\WinApi\Sonic.cpp(1205,62): warning C4267: '인수': 'size_t'에서 'int'(으)로 변환하면서 데이터가 손실될 수 있습니다.
C:\Users\noster\Desktop\sonic\sonic\WinApi\Sonic.cpp(1207,62): warning C4267: '인수': 'size_t'에서 'int'(으)로 변환하면서 데이터가 손실될 수 있습니다.
C:\Users\noster\Desktop\sonic\sonic\WinApi\Sonic.cpp(1209,63): warning C4267: '인수': 'size_t'에서 'int'(으)로 변환하면서 데이터가 손실될 수 있습니다.
C:\Users\noster\Desktop\sonic\sonic\WinApi\Sonic.cpp(1211,63): warning C4267: '인수': 'size_t'에서 'int'(으)로 변환하면서 데이터가 손실될 수 있습니다.
C:\Users\noster\Desktop\sonic\sonic\WinApi\Sonic.cpp(1213,63): warning C4267: '인수': 'size_t'에서 'int'(으)로 변환하면서 데이터가 손실될 수 있습니다.
C:\Users\noster\Desktop\sonic\sonic\WinApi\Sonic.cpp(1215,63): warning C4267: '인수': 'size_t'에서 'int'(으)로 변환하면서 데이터가 손실될 수 있습니다.
C:\Users\noster\Desktop\sonic\sonic\WinApi\Sonic.cpp(1278,22): warning C4244: '=': 'int'에서 'float'(으)로 변환하면서 데이터가 손실될 수 있습니다.
C:\Users\noster\Desktop\sonic\sonic\WinApi\Sonic.cpp(1283,22): warning C4244: '=': 'int'에서 'float'(으)로 변환하면서 데이터가 손실될 수 있습니다.
C:\Users\noster\Desktop\sonic\sonic\WinApi\Sonic.cpp(1294,20): warning C4244: '=': 'double'에서 'float'(으)로 변환하면서 데이터가 손실될 수 있습니다.
C:\Users\noster\Desktop\sonic\sonic\WinApi\Sonic.cpp(1295,20): warning C4244: '=': 'double'에서 'float'(으)로 변환하면서 데이터가 손실될 수 있습니다.
  TempSoundManager.cpp
  TestScene.cpp
  WinMain.cpp
C:\Users\noster\Desktop\sonic\sonic\WinApi\Coin.h(24,33): warning C4244: '=': 'int'에서 'float'(으)로 변환하면서 데이터가 손실될 수 있습니다.
C:\Users\noster\Desktop\sonic\sonic\WinApi\Coin.h(24,41): warning C4244: '=': 'int'에서 'float'(으)로 변환하면서 데이터가 손실될 수 있습니다.
C:\Users\noster\Desktop\sonic\sonic\WinApi\WinMain.cpp(162,19): warning C4244: 'return': 'WPARAM'에서 'int'(으)로 변환하면서 데이터가 손실될 수 있습니다.
  debugScene.cpp
C:\Users\noster\Desktop\sonic\sonic\WinApi\Coin.h(24,33): warning C4244: '=': 'int'에서 'float'(으)로 변환하면서 데이터가 손실될 수 있습니다.
C:\Users\noster\Desktop\sonic\sonic\WinApi\Coin.h(24,41): warning C4244: '=': 'int'에서 'float'(으)로 변환하면서 데이터가 손실될 수 있습니다.
C:\Users\noster\Desktop\sonic\sonic\WinApi\debugScene.cpp(108,81): warning C4244: '인수': 'float'에서 'int'(으)로 변환하면서 데이터가 손실될 수 있습니다.
C:\Users\noster\Desktop\sonic\sonic\WinApi\debugScene.cpp(109,83): warning C4244: '인수': 'float'에서 'int'(으)로 변환하면서 데이터가 손실될 수 있습니다.
C:\Users\noster\Desktop\sonic\sonic\WinApi\debugScene.cpp(110,117): warning C4244: '인수': 'double'에서 'int'(으)로 변환하면서 데이터가 손실될 수 있습니다.
C:\Users\noster\Desktop\sonic\sonic\WinApi\debugScene.cpp(110,97): warning C4244: '인수': 'double'에서 'int'(으)로 변환하면서 데이터가 손실될 수 있습니다.
C:\Users\noster\Desktop\sonic\sonic\WinApi\debugScene.cpp(111,87): warning C4244: '인수': 'double'에서 'int'(으)로 변환하면서 데이터가 손실될 수 있습니다.
C:\Users\noster\Desktop\sonic\sonic\WinApi\debugScene.cpp(112,97): warning C4244: '인수': 'float'에서 'int'(으)로 변환하면서 데이터가 손실될 수 있습니다.
C:\Users\noster\Desktop\sonic\sonic\WinApi\debugScene.cpp(112,76): warning C4244: '인수': 'float'에서 'int'(으)로 변환하면서 데이터가 손실될 수 있습니다.
C:\Users\noster\Desktop\sonic\sonic\WinApi\debugScene.cpp(113,94): warning C4244: '인수': 'float'에서 'int'(으)로 변환하면서 데이터가 손실될 수 있습니다.
C:\Users\noster\Desktop\sonic\sonic\WinApi\debugScene.cpp(113,73): warning C4244: '인수': 'float'에서 'int'(으)로 변환하면서 데이터가 손실될 수 있습니다.
C:\Users\noster\Desktop\sonic\sonic\WinApi\debugScene.cpp(116,101): warning C4244: '인수': 'float'에서 'int'(으)로 변환하면서 데이터가 손실될 수 있습니다.
C:\Users\noster\Desktop\sonic\sonic\WinApi\debugScene.cpp(116,80): warning C4244: '인수': 'float'에서 'int'(으)로 변환하면서 데이터가 손실될 수 있습니다.
C:\Users\noster\Desktop\sonic\sonic\WinApi\debugScene.cpp(124,64): warning C4244: '인수': 'float'에서 'int'(으)로 변환하면서 데이터가 손실될 수 있습니다.
C:\Users\noster\Desktop\sonic\sonic\WinApi\debugScene.cpp(124,49): warning C4244: '인수': 'float'에서 'int'(으)로 변환하면서 데이터가 손실될 수 있습니다.
C:\Users\noster\Desktop\sonic\sonic\WinApi\debugScene.cpp(136,57): warning C4244: '인수': 'float'에서 'int'(으)로 변환하면서 데이터가 손실될 수 있습니다.
C:\Users\noster\Desktop\sonic\sonic\WinApi\debugScene.cpp(136,36): warning C4244: '인수': 'float'에서 'int'(으)로 변환하면서 데이터가 손실될 수 있습니다.
C:\Users\noster\Desktop\sonic\sonic\WinApi\debugScene.cpp(138,57): warning C4244: '인수': 'double'에서 'int'(으)로 변환하면서 데이터가 손실될 수 있습니다.
C:\Users\noster\Desktop\sonic\sonic\WinApi\debugScene.cpp(138,21): warning C4244: '인수': 'double'에서 'int'(으)로 변환하면서 데이터가 손실될 수 있습니다.
  코드를 생성하고 있습니다...
  WinApi.vcxproj -> C:\Users\noster\Desktop\sonic\sonic\x64\Debug\WinApi.exe
